0 info it worked if it ends with ok
1 verbose cli [ '/usr/bin/node', '/usr/bin/npm', 'start' ]
2 info using npm@6.14.12
3 info using node@v10.24.1
4 verbose run-script [ 'prestart', 'start', 'poststart' ]
5 info lifecycle project1@0.1.0~prestart: project1@0.1.0
6 info lifecycle project1@0.1.0~start: project1@0.1.0
7 verbose lifecycle project1@0.1.0~start: unsafe-perm in lifecycle true
8 verbose lifecycle project1@0.1.0~start: PATH: /usr/lib/node_modules/npm/node_modules/npm-lifecycle/node-gyp-bin:/home/hirvapatel1410/project1_client/node_modules/.bin:/usr/local/bin:/usr/bin:/bin:/usr/local/games:/usr/games
9 verbose lifecycle project1@0.1.0~start: CWD: /home/hirvapatel1410/project1_client
10 silly lifecycle project1@0.1.0~start: Args: [ '-c', 'react-scripts start' ]
11 info lifecycle project1@0.1.0~start: Failed to exec start script
12 verbose stack Error: project1@0.1.0 start: `react-scripts start`
12 verbose stack spawn ENOENT
12 verbose stack     at ChildProcess.<anonymous> (/usr/lib/node_modules/npm/node_modules/npm-lifecycle/lib/spawn.js:48:18)
12 verbose stack     at ChildProcess.emit (events.js:198:13)
12 verbose stack     at maybeClose (internal/child_process.js:982:16)
12 verbose stack     at Process.ChildProcess._handle.onexit (internal/child_process.js:259:5)
13 verbose pkgid project1@0.1.0
14 verbose cwd /home/hirvapatel1410/project1_client
15 verbose Linux 4.19.0-17-cloud-amd64
16 verbose argv "/usr/bin/node" "/usr/bin/npm" "start"
17 verbose node v10.24.1
18 verbose npm  v6.14.12
19 error code ELIFECYCLE
20 error syscall spawn
21 error file sh
22 error errno ENOENT
23 error project1@0.1.0 start: `react-scripts start`
23 error spawn ENOENT
24 error Failed at the project1@0.1.0 start script.
24 error This is probably not a problem with npm. There is likely additional logging output above.
25 verbose exit [ 1, true ]
